<?xml version="1.0" encoding="UTF-8"?>
<!-- Generated by org.testng.reporters.JUnitReportReporter -->
<testsuite hostname="LAPTOP-IT2D940V" failures="0" tests="3" name="TestCases.ParallelTest" time="48.256" errors="0" timestamp="2022-10-30T19:27:08 IST" skipped="0">
  <testcase classname="TestCases.ParallelTest" name="openSauceLab" time="12.776"/>
  <system-out/>
  <testcase classname="TestCases.ParallelTest" name="openGoogle" time="23.806"/>
  <system-out/>
  <testcase classname="TestCases.ParallelTest" name="openRediff" time="11.674"/>
  <system-out/>
</testsuite> <!-- TestCases.ParallelTest -->
