<?xml version="1.0" encoding="UTF-8"?>
<!-- Generated by org.testng.reporters.JUnitReportReporter -->
<testsuite hostname="LAPTOP-IT2D940V" failures="0" tests="3" name="TestCases.CartPageTest" time="12.864" errors="0" timestamp="2022-10-22T14:38:16 IST" skipped="0">
  <testcase classname="TestCases.CartPageTest" name="remove2ItemTest" time="4.153"/>
  <system-out/>
  <testcase classname="TestCases.CartPageTest" name="verifyCartIconTest" time="3.286"/>
  <system-out/>
  <testcase classname="TestCases.CartPageTest" name="verifyCartUrlTest" time="5.425"/>
  <system-out/>
</testsuite> <!-- TestCases.CartPageTest -->
