<?xml version="1.0" encoding="UTF-8"?>
<!-- Generated by org.testng.reporters.JUnitReportReporter -->
<testsuite hostname="LAPTOP-IT2D940V" failures="0" tests="7" name="TestCases.InventoryPageTest" time="32.218" errors="0" timestamp="2022-10-30T19:55:41 IST" skipped="0">
  <testcase classname="TestCases.InventoryPageTest" name="fbLogotest" time="4.015"/>
  <system-out/>
  <testcase classname="TestCases.InventoryPageTest" name="twitterLogoTest" time="3.517"/>
  <system-out/>
  <testcase classname="TestCases.InventoryPageTest" name="linkednLogoTest" time="4.811"/>
  <system-out/>
  <testcase classname="TestCases.InventoryPageTest" name="remove2ProductTest" time="4.781"/>
  <system-out/>
  <testcase classname="TestCases.InventoryPageTest" name="add6ProductTest" time="6.689"/>
  <system-out/>
  <testcase classname="TestCases.InventoryPageTest" name="verifySmallLogoTest" time="4.061"/>
  <system-out/>
  <testcase classname="TestCases.InventoryPageTest" name="verifyBigLogoTest" time="4.344"/>
  <system-out/>
</testsuite> <!-- TestCases.InventoryPageTest -->
