<?xml version="1.0" encoding="UTF-8"?>
<!-- Generated by org.testng.reporters.JUnitReportReporter -->
<testsuite hostname="LAPTOP-IT2D940V" failures="0" tests="6" name="TestCases.LoginPageTest" time="7.854" errors="0" timestamp="2022-11-02T18:34:06 IST" skipped="4">
  <testcase classname="TestCases.LoginPageTest" name="verifyLoginLogoTest" time="3.296"/>
  <system-out/>
  <testcase classname="TestCases.LoginPageTest" name="verifyBotLogoTest" time="4.558"/>
  <system-out/>
  <testcase classname="TestCases.LoginPageTest" name="verifyTitleTest">
    <skipped/>
  </testcase> <!-- verifyTitleTest -->
  <system-out/>
  <testcase classname="TestCases.LoginPageTest" name="verifyUrlTest">
    <skipped/>
  </testcase> <!-- verifyUrlTest -->
  <system-out/>
  <testcase classname="TestCases.LoginPageTest" name="loginToApp1Test">
    <skipped/>
  </testcase> <!-- loginToApp1Test -->
  <system-out/>
  <testcase classname="TestCases.LoginPageTest" name="loginApp2Test">
    <skipped/>
  </testcase> <!-- loginApp2Test -->
  <system-out/>
</testsuite> <!-- TestCases.LoginPageTest -->
