<?xml version="1.0" encoding="UTF-8"?>
<!-- Generated by org.testng.reporters.JUnitReportReporter -->
<testsuite hostname="LAPTOP-IT2D940V" failures="0" tests="7" name="TestCases.CheckoutCompleteTest" time="44.742" errors="0" timestamp="2022-10-22T14:38:16 IST" skipped="0">
  <testcase classname="TestCases.CheckoutCompleteTest" name="logoPonyTest" time="4.012"/>
  <system-out/>
  <testcase classname="TestCases.CheckoutCompleteTest" name="logoPonyTest" time="3.980"/>
  <system-out/>
  <testcase classname="TestCases.CheckoutCompleteTest" name="lastPageMassage2Test" time="4.697"/>
  <system-out/>
  <testcase classname="TestCases.CheckoutCompleteTest" name="logoPonyTest" time="4.110"/>
  <system-out/>
  <testcase classname="TestCases.CheckoutCompleteTest" name="logoPonyTest" time="3.826"/>
  <system-out/>
  <testcase classname="TestCases.CheckoutCompleteTest" name="lastPageText1Test" time="20.225"/>
  <system-out/>
  <testcase classname="TestCases.CheckoutCompleteTest" name="logoPonyTest" time="3.892"/>
  <system-out/>
</testsuite> <!-- TestCases.CheckoutCompleteTest -->
