<?xml version="1.0" encoding="UTF-8"?>
<!-- Generated by org.testng.reporters.JUnitReportReporter -->
<testsuite hostname="LAPTOP-IT2D940V" failures="0" tests="1" name="TestCases.FailedTest" time="3.410" errors="0" timestamp="2022-10-22T12:38:48 IST" skipped="0">
  <testcase classname="TestCases.FailedTest" name="verifyLoginLogoTest" time="3.410"/>
  <system-out/>
</testsuite> <!-- TestCases.FailedTest -->
