<?xml version="1.0" encoding="UTF-8"?>
<!-- Generated by org.testng.reporters.JUnitReportReporter -->
<testsuite hostname="LAPTOP-IT2D940V" failures="0" tests="2" name="TestCases.GroupTest" time="10.267" errors="0" timestamp="2022-10-30T20:55:37 IST" skipped="0">
  <testcase classname="TestCases.GroupTest" name="loginToApp1Test" time="4.020"/>
  <system-out/>
  <testcase classname="TestCases.GroupTest" name="verifyUrlTest" time="6.247"/>
  <system-out/>
</testsuite> <!-- TestCases.GroupTest -->
