<?xml version="1.0" encoding="UTF-8"?>
<!-- Generated by org.testng.reporters.JUnitReportReporter -->
<testsuite hostname="LAPTOP-IT2D940V" failures="0" tests="4" name="TestCases.CheckoutPage2Test" time="31.443" errors="0" timestamp="2022-10-22T14:38:16 IST" skipped="0">
  <testcase classname="TestCases.CheckoutPage2Test" name="logoutButtonTest" time="20.013"/>
  <system-out/>
  <testcase classname="TestCases.CheckoutPage2Test" name="totalTransactionTest" time="3.912"/>
  <system-out/>
  <testcase classname="TestCases.CheckoutPage2Test" name="shippingInfoTest" time="3.863"/>
  <system-out/>
  <testcase classname="TestCases.CheckoutPage2Test" name="paymentInfoTest" time="3.655"/>
  <system-out/>
</testsuite> <!-- TestCases.CheckoutPage2Test -->
