<?xml version="1.0" encoding="UTF-8"?>
<!-- Generated by org.testng.reporters.JUnitReportReporter -->
<testsuite hostname="LAPTOP-IT2D940V" failures="0" tests="1" name="TestCases.CheckoutPage1Test" time="3.782" errors="0" timestamp="2022-10-22T14:38:16 IST" skipped="0">
  <testcase classname="TestCases.CheckoutPage1Test" name="checkoutInfoTest" time="3.782"/>
  <system-out/>
</testsuite> <!-- TestCases.CheckoutPage1Test -->
